::1 - - [31/Jul/2023:08:47:05 +0000] "DELETE /orders/qwe HTTP/1.1" 200 - "-" "PostmanRuntime/7.32.3"
::1 - - [31/Jul/2023:08:50:21 +0000] "DELETE /orders/qwe HTTP/1.1" 200 - "-" "PostmanRuntime/7.32.3"
::1 - - [31/Jul/2023:08:50:25 +0000] "DELETE /orders/qwe/asdf HTTP/1.1" 404 34 "-" "PostmanRuntime/7.32.3"
::1 - - [31/Jul/2023:08:50:40 +0000] "DELETE /qwe HTTP/1.1" 404 34 "-" "PostmanRuntime/7.32.3"
::1 - - [31/Jul/2023:08:50:59 +0000] "DELETE /qwe HTTP/1.1" 404 47 "-" "PostmanRuntime/7.32.3"
::1 - - [31/Jul/2023:08:51:11 +0000] "DELETE /qwe HTTP/1.1" 404 57 "-" "PostmanRuntime/7.32.3"
::1 - - [31/Jul/2023:08:51:25 +0000] "DELETE /qwe HTTP/1.1" 404 67 "-" "PostmanRuntime/7.32.3"
::1 - - [31/Jul/2023:08:52:41 +0000] "DELETE /profile HTTP/1.1" 404 34 "-" "PostmanRuntime/7.32.3"
::1 - - [31/Jul/2023:08:52:48 +0000] "DELETE /products/qwe HTTP/1.1" 200 10 "-" "PostmanRuntime/7.32.3"
::1 - - [31/Jul/2023:10:06:08 +0000] "POST /users HTTP/1.1" 404 34 "-" "PostmanRuntime/7.32.3"
::1 - - [31/Jul/2023:10:06:11 +0000] "GET /users HTTP/1.1" 404 34 "-" "PostmanRuntime/7.32.3"
::1 - - [31/Jul/2023:10:06:24 +0000] "GET /users HTTP/1.1" 200 - "-" "PostmanRuntime/7.32.3"
::1 - - [31/Jul/2023:10:08:29 +0000] "POST /users/register HTTP/1.1" 400 35 "-" "PostmanRuntime/7.32.3"
::1 - - [31/Jul/2023:10:08:37 +0000] "POST /users/register HTTP/1.1" 400 35 "-" "PostmanRuntime/7.32.3"
::1 - - [31/Jul/2023:10:08:42 +0000] "POST /users/register HTTP/1.1" 400 35 "-" "PostmanRuntime/7.32.3"
::1 - - [31/Jul/2023:10:08:47 +0000] "POST /users/register HTTP/1.1" 400 50 "-" "PostmanRuntime/7.32.3"
::1 - - [31/Jul/2023:10:08:58 +0000] "POST /users/register HTTP/1.1" 202 25 "-" "PostmanRuntime/7.32.3"
::1 - - [31/Jul/2023:10:09:01 +0000] "POST /users/register HTTP/1.1" 409 63 "-" "PostmanRuntime/7.32.3"
::1 - - [31/Jul/2023:10:09:03 +0000] "POST /users/register HTTP/1.1" 409 63 "-" "PostmanRuntime/7.32.3"
::1 - - [31/Jul/2023:10:11:30 +0000] "POST /users/login HTTP/1.1" 200 24 "-" "PostmanRuntime/7.32.3"
::1 - - [31/Jul/2023:10:11:35 +0000] "POST /users/login HTTP/1.1" 200 24 "-" "PostmanRuntime/7.32.3"
::1 - - [31/Jul/2023:10:11:39 +0000] "POST /users/logout HTTP/1.1" 200 25 "-" "PostmanRuntime/7.32.3"
::1 - - [31/Jul/2023:10:11:43 +0000] "POST /profile HTTP/1.1" 404 34 "-" "PostmanRuntime/7.32.3"
::1 - - [31/Jul/2023:10:11:45 +0000] "GET /profile HTTP/1.1" 500 84 "-" "PostmanRuntime/7.32.3"
::1 - - [31/Jul/2023:10:11:59 +0000] "GET /profile HTTP/1.1" 500 84 "-" "PostmanRuntime/7.32.3"
::1 - - [31/Jul/2023:10:12:15 +0000] "POST /users/login HTTP/1.1" 200 24 "-" "PostmanRuntime/7.32.3"
::1 - - [31/Jul/2023:10:12:25 +0000] "GET /profile HTTP/1.1" 500 84 "-" "PostmanRuntime/7.32.3"
::1 - - [31/Jul/2023:10:17:15 +0000] "GET /profile HTTP/1.1" 500 84 "-" "PostmanRuntime/7.32.3"
::1 - - [31/Jul/2023:10:18:00 +0000] "GET /profile HTTP/1.1" 500 53 "-" "PostmanRuntime/7.32.3"
::1 - - [31/Jul/2023:10:18:53 +0000] "GET /profile HTTP/1.1" 500 84 "-" "PostmanRuntime/7.32.3"
::1 - - [31/Jul/2023:10:19:56 +0000] "GET /profile HTTP/1.1" 200 - "-" "PostmanRuntime/7.32.3"
::1 - - [31/Jul/2023:10:20:08 +0000] "POST /users/logout HTTP/1.1" 200 25 "-" "PostmanRuntime/7.32.3"
::1 - - [31/Jul/2023:10:20:12 +0000] "GET /profile HTTP/1.1" 403 38 "-" "PostmanRuntime/7.32.3"
::1 - - [31/Jul/2023:10:20:30 +0000] "GET /profile HTTP/1.1" 403 38 "-" "PostmanRuntime/7.32.3"
